<?xml version="1.0" encoding="UTF-8"?>
<!-- Generated by org.testng.reporters.JUnitXMLReporter -->
<testsuite hostname="LAPTOP-UG4OKVSD" ignored="0" name="Command line test" tests="3" failures="0" timestamp="29 juil. 2019 09:36:23 GMT" time="23.185" errors="0">
  <testcase name="sum" time="0.013" classname="com.qa.tests.AppTest"/>
  <testcase name="sum" time="0.0" classname="com.qa.tests.TestNG"/>
  <testcase name="main" time="8.29" classname="com.verimi.TestsMaven.VerimiTest"/>
</testsuite> <!-- Command line test -->
