<?xml version="1.0" encoding="UTF-8"?>
<testng-results skipped="0" failed="0" ignored="0" total="1" passed="1">
  <reporter-output>
  </reporter-output>
  <suite name="Default suite" duration-ms="33655" started-at="2019-07-29T13:42:39Z" finished-at="2019-07-29T13:43:12Z">
    <groups>
    </groups>
    <test name="Default test" duration-ms="33655" started-at="2019-07-29T13:42:39Z" finished-at="2019-07-29T13:43:12Z">
      <class name="com.verimi.TestsMaven.VerimiTest">
        <test-method status="PASS" signature="beforeMethod()[pri:0, instance:com.verimi.TestsMaven.VerimiTest@548a9f61]" name="beforeMethod" is-config="true" duration-ms="11147" started-at="2019-07-29T15:42:39Z" finished-at="2019-07-29T15:42:50Z">
          <reporter-output>
          </reporter-output>
        </test-method> <!-- beforeMethod -->
        <test-method status="PASS" signature="main()[pri:0, instance:com.verimi.TestsMaven.VerimiTest@548a9f61]" name="main" duration-ms="10456" started-at="2019-07-29T15:42:50Z" finished-at="2019-07-29T15:43:00Z">
          <reporter-output>
          </reporter-output>
        </test-method> <!-- main -->
        <test-method status="PASS" signature="afterMethod()[pri:0, instance:com.verimi.TestsMaven.VerimiTest@548a9f61]" name="afterMethod" is-config="true" duration-ms="12035" started-at="2019-07-29T15:43:00Z" finished-at="2019-07-29T15:43:12Z">
          <reporter-output>
          </reporter-output>
        </test-method> <!-- afterMethod -->
      </class> <!-- com.verimi.TestsMaven.VerimiTest -->
    </test> <!-- Default test -->
  </suite> <!-- Default suite -->
</testng-results>
